[debug] [2023-02-09T05:13:06.014Z] ----------------------------------------------------------------------
[debug] [2023-02-09T05:13:06.020Z] Command:       /usr/local/bin/node /usr/local/bin/firebase deploy --only hosting:dev-verve
[debug] [2023-02-09T05:13:06.022Z] CLI Version:   11.22.0
[debug] [2023-02-09T05:13:06.023Z] Platform:      linux
[debug] [2023-02-09T05:13:06.023Z] Node Version:  v18.9.1
[debug] [2023-02-09T05:13:06.024Z] Time:          Wed Feb 08 2023 21:13:06 GMT-0800 (Pacific Standard Time)
[debug] [2023-02-09T05:13:06.025Z] ----------------------------------------------------------------------
[debug] 
[debug] [2023-02-09T05:13:06.209Z] > command requires scopes: ["email","openid","https://www.googleapis.com/auth/cloudplatformprojects.readonly","https://www.googleapis.com/auth/firebase","https://www.googleapis.com/auth/cloud-platform"]
[debug] [2023-02-09T05:13:06.211Z] > authorizing via signed-in user (chico.fmorales@gmail.com)
[debug] [2023-02-09T05:13:06.211Z] [iam] checking project workout-app-37a10 for permissions ["firebase.projects.get","firebasehosting.sites.update"]
[debug] [2023-02-09T05:13:06.214Z] > refreshing access token with scopes: []
[debug] [2023-02-09T05:13:06.219Z] >>> [apiv2][query] POST https://www.googleapis.com/oauth2/v3/token [none]
[debug] [2023-02-09T05:13:06.219Z] >>> [apiv2][body] POST https://www.googleapis.com/oauth2/v3/token [omitted]
[debug] [2023-02-09T05:13:06.600Z] <<< [apiv2][status] POST https://www.googleapis.com/oauth2/v3/token 400
[debug] [2023-02-09T05:13:06.602Z] <<< [apiv2][body] POST https://www.googleapis.com/oauth2/v3/token [omitted]
[debug] [2023-02-09T05:13:06.603Z] >>> [apiv2][query] POST https://cloudresourcemanager.googleapis.com/v1/projects/workout-app-37a10:testIamPermissions [none]
[debug] [2023-02-09T05:13:06.604Z] >>> [apiv2][(partial)header] POST https://cloudresourcemanager.googleapis.com/v1/projects/workout-app-37a10:testIamPermissions x-goog-quota-user=projects/workout-app-37a10
[debug] [2023-02-09T05:13:06.606Z] >>> [apiv2][body] POST https://cloudresourcemanager.googleapis.com/v1/projects/workout-app-37a10:testIamPermissions {"permissions":["firebase.projects.get","firebasehosting.sites.update"]}
[debug] [2023-02-09T05:13:06.879Z] <<< [apiv2][status] POST https://cloudresourcemanager.googleapis.com/v1/projects/workout-app-37a10:testIamPermissions 401
[debug] [2023-02-09T05:13:06.880Z] <<< [apiv2][body] POST https://cloudresourcemanager.googleapis.com/v1/projects/workout-app-37a10:testIamPermissions {"error":{"code":401,"message":"Request had invalid authentication credentials. Expected OAuth 2 access token, login cookie or other valid authentication credential. See https://developers.google.com/identity/sign-in/web/devconsole-project.","status":"UNAUTHENTICATED","details":[{"@type":"type.googleapis.com/google.rpc.ErrorInfo","reason":"ACCESS_TOKEN_TYPE_UNSUPPORTED","metadata":{"method":"google.cloudresourcemanager.v1.Projects.TestIamPermissions","service":"cloudresourcemanager.googleapis.com"}}]}}
[debug] [2023-02-09T05:13:06.885Z] [iam] error while checking permissions, command may fail: FirebaseError: HTTP Error: 401, Request had invalid authentication credentials. Expected OAuth 2 access token, login cookie or other valid authentication credential. See https://developers.google.com/identity/sign-in/web/devconsole-project.
[debug] [2023-02-09T05:13:06.887Z] > refreshing access token with scopes: []
[debug] [2023-02-09T05:13:06.889Z] >>> [apiv2][query] POST https://www.googleapis.com/oauth2/v3/token [none]
[debug] [2023-02-09T05:13:06.889Z] >>> [apiv2][body] POST https://www.googleapis.com/oauth2/v3/token [omitted]
[debug] [2023-02-09T05:13:07.187Z] <<< [apiv2][status] POST https://www.googleapis.com/oauth2/v3/token 400
[debug] [2023-02-09T05:13:07.188Z] <<< [apiv2][body] POST https://www.googleapis.com/oauth2/v3/token [omitted]
[debug] [2023-02-09T05:13:07.192Z] >>> [apiv2][query] GET https://firebase.googleapis.com/v1beta1/projects/workout-app-37a10 [none]
[debug] [2023-02-09T05:13:07.791Z] <<< [apiv2][status] GET https://firebase.googleapis.com/v1beta1/projects/workout-app-37a10 401
[debug] [2023-02-09T05:13:07.793Z] <<< [apiv2][body] GET https://firebase.googleapis.com/v1beta1/projects/workout-app-37a10 {"error":{"code":401,"message":"Request had invalid authentication credentials. Expected OAuth 2 access token, login cookie or other valid authentication credential. See https://developers.google.com/identity/sign-in/web/devconsole-project.","status":"UNAUTHENTICATED"}}
[debug] [2023-02-09T05:13:07.794Z] HTTP Error: 401, Request had invalid authentication credentials. Expected OAuth 2 access token, login cookie or other valid authentication credential. See https://developers.google.com/identity/sign-in/web/devconsole-project.
[debug] [2023-02-09T05:13:08.060Z] FirebaseError: HTTP Error: 401, Request had invalid authentication credentials. Expected OAuth 2 access token, login cookie or other valid authentication credential. See https://developers.google.com/identity/sign-in/web/devconsole-project.
    at responseToError (/usr/local/lib/node_modules/firebase-tools/lib/responseToError.js:49:12)
    at RetryOperation._fn (/usr/local/lib/node_modules/firebase-tools/lib/apiv2.js:288:77)
    at process.processTicksAndRejections (node:internal/process/task_queues:95:5)
[error] 
[error] Error: Failed to get Firebase project workout-app-37a10. Please make sure the project exists and your account has permission to access it.
